2023-12-11 14:22:04,258 [INFO] Activator:177 - 


2023-12-11 14:22:04,258 [INFO] Activator:178 - !SESSION log4j initialized
2023-12-11 14:22:06,847 [ERROR] ApiDbMcu:1508 - Can't use Application install path:
2023-12-11 14:22:12,326 [WARN] RulesReader:59 - Compatibility file://mcu/compatibility.xml not found
2023-12-11 14:22:21,315 [INFO] McuFinderGlobals:39 - Set McuFinder mode to 2 (CubeIDE integrated)
2023-12-11 14:22:21,567 [INFO] ApplicationProperties:181 - Using Application install path: C:\ST\STM32CubeIDE_1.7.0\STM32CubeIDE\plugins\com.st.stm32cube.common.mx_6.3.0.202107141111
2023-12-11 14:22:21,567 [INFO] DbMcusXml:74 - Set database path to: C:\ST\STM32CubeIDE_1.7.0\STM32CubeIDE\plugins\com.st.stm32cube.common.mx_6.3.0.202107141111\\db\/mcu/
2023-12-11 14:22:21,567 [INFO] DbBoardsPdsc:56 - Set plugin database path to: C:\ST\STM32CubeIDE_1.7.0\STM32CubeIDE\plugins\com.st.stm32cube.common.mx_6.3.0.202107141111\\db\/plugins/boardmanager/
2023-12-11 14:22:21,567 [INFO] DbMcus:258 - Set plugin images path to: C:\ST\STM32CubeIDE_1.7.0\STM32CubeIDE\plugins\com.st.stm32cube.common.mx_6.3.0.202107141111\\db\/plugins/mcufinder/images/
2023-12-11 14:22:21,567 [INFO] DbBoards:264 - Set plugin images path to: C:\ST\STM32CubeIDE_1.7.0\STM32CubeIDE\plugins\com.st.stm32cube.common.mx_6.3.0.202107141111\\db\/plugins/mcufinder/images/
2023-12-11 14:22:21,567 [INFO] DbExamples:333 - Set plugin images path to: C:\ST\STM32CubeIDE_1.7.0\STM32CubeIDE\plugins\com.st.stm32cube.common.mx_6.3.0.202107141111\\db\/plugins/mcufinder/images/
2023-12-11 14:22:21,583 [INFO] DbMcusAds:119 - Set database path to: C:\Users\DELL\.stmcufinder\plugins\mcufinder//mcu/
2023-12-11 14:22:21,583 [INFO] DbMcusDocs:110 - Set database path to: C:\Users\DELL\.stmcufinder\plugins\mcufinder//mcu/
2023-12-11 14:22:21,583 [INFO] DbMcusJson:64 - Set database path to: C:\Users\DELL\.stmcufinder\plugins\mcufinder//mcu/
2023-12-11 14:22:21,583 [INFO] DbBoardsDocs:110 - Set database path to: C:\Users\DELL\.stmcufinder\plugins\mcufinder//mcu/
2023-12-11 14:22:21,583 [INFO] DbBoardsJson:57 - Set database path to: C:\Users\DELL\.stmcufinder\plugins\mcufinder//mcu/
2023-12-11 14:22:21,599 [INFO] CrossReferenceDbSqlite:196 - Set database path to: C:\Users\DELL\.stmcufinder\plugins\mcufinder//mcu/cs/
2023-12-11 14:22:21,599 [INFO] DbExamplesSqlite:767 - Set database path to: C:\Users\DELL\.stmcufinder\plugins\mcufinder//mcu/
2023-12-11 14:22:21,713 [INFO] DbMcusXml:74 - Set database path to: C:\ST\STM32CubeIDE_1.7.0\STM32CubeIDE\plugins\com.st.stm32cube.common.mx_6.3.0.202107141111\\db\/mcu/
2023-12-11 14:22:21,713 [INFO] DbBoardsPdsc:56 - Set plugin database path to: C:\ST\STM32CubeIDE_1.7.0\STM32CubeIDE\plugins\com.st.stm32cube.common.mx_6.3.0.202107141111\\db\/plugins/boardmanager/
2023-12-11 14:22:21,713 [INFO] DbMcus:258 - Set plugin images path to: C:\ST\STM32CubeIDE_1.7.0\STM32CubeIDE\plugins\com.st.stm32cube.common.mx_6.3.0.202107141111\\db\/plugins/mcufinder/images/
2023-12-11 14:22:21,713 [INFO] DbBoards:264 - Set plugin images path to: C:\ST\STM32CubeIDE_1.7.0\STM32CubeIDE\plugins\com.st.stm32cube.common.mx_6.3.0.202107141111\\db\/plugins/mcufinder/images/
2023-12-11 14:22:21,713 [INFO] DbExamples:333 - Set plugin images path to: C:\ST\STM32CubeIDE_1.7.0\STM32CubeIDE\plugins\com.st.stm32cube.common.mx_6.3.0.202107141111\\db\/plugins/mcufinder/images/
2023-12-11 14:22:21,713 [WARN] DbFile:35 - Overriding database path with different value: C:\Users\DELL\.stmcufinder\plugins\mcufinder/ => C:\Users\DELL\.stmcufinder\plugins\mcufinder
2023-12-11 14:22:21,713 [INFO] DbMcusAds:119 - Set database path to: C:\Users\DELL\.stmcufinder\plugins\mcufinder//mcu/
2023-12-11 14:22:21,713 [WARN] DbFile:35 - Overriding database path with different value: C:\Users\DELL\.stmcufinder\plugins\mcufinder/ => C:\Users\DELL\.stmcufinder\plugins\mcufinder
2023-12-11 14:22:21,713 [INFO] DbMcusDocs:110 - Set database path to: C:\Users\DELL\.stmcufinder\plugins\mcufinder//mcu/
2023-12-11 14:22:21,713 [WARN] DbFile:35 - Overriding database path with different value: C:\Users\DELL\.stmcufinder\plugins\mcufinder/ => C:\Users\DELL\.stmcufinder\plugins\mcufinder
2023-12-11 14:22:21,713 [INFO] DbMcusJson:64 - Set database path to: C:\Users\DELL\.stmcufinder\plugins\mcufinder//mcu/
2023-12-11 14:22:21,713 [WARN] DbFile:35 - Overriding database path with different value: C:\Users\DELL\.stmcufinder\plugins\mcufinder/ => C:\Users\DELL\.stmcufinder\plugins\mcufinder
2023-12-11 14:22:21,713 [INFO] DbBoardsDocs:110 - Set database path to: C:\Users\DELL\.stmcufinder\plugins\mcufinder//mcu/
2023-12-11 14:22:21,713 [WARN] DbFile:35 - Overriding database path with different value: C:\Users\DELL\.stmcufinder\plugins\mcufinder/ => C:\Users\DELL\.stmcufinder\plugins\mcufinder
2023-12-11 14:22:21,713 [INFO] DbBoardsJson:57 - Set database path to: C:\Users\DELL\.stmcufinder\plugins\mcufinder//mcu/
2023-12-11 14:22:21,713 [WARN] DbFile:35 - Overriding database path with different value: C:\Users\DELL\.stmcufinder\plugins\mcufinder/ => C:\Users\DELL\.stmcufinder\plugins\mcufinder
2023-12-11 14:22:21,713 [WARN] DbFile:35 - Overriding database path with different value: C:\Users\DELL\.stmcufinder\plugins\mcufinder/ => C:\Users\DELL\.stmcufinder\plugins\mcufinder
2023-12-11 14:22:21,713 [INFO] CrossReferenceDbSqlite:196 - Set database path to: C:\Users\DELL\.stmcufinder\plugins\mcufinder//mcu/cs/
2023-12-11 14:22:21,713 [WARN] DbFile:35 - Overriding database path with different value: C:\Users\DELL\.stmcufinder\plugins\mcufinder/ => C:\Users\DELL\.stmcufinder\plugins\mcufinder
2023-12-11 14:22:21,713 [INFO] DbExamplesSqlite:767 - Set database path to: C:\Users\DELL\.stmcufinder\plugins\mcufinder//mcu/
2023-12-11 14:22:21,803 [INFO] MainPanel:214 - HeapMemory: 268435456
2023-12-11 14:22:21,913 [INFO] DbMcusXml:74 - Set database path to: C:\ST\STM32CubeIDE_1.7.0\STM32CubeIDE\plugins\com.st.stm32cube.common.mx_6.3.0.202107141111\\db\/mcu/
2023-12-11 14:22:21,913 [INFO] DbBoardsPdsc:56 - Set plugin database path to: C:\ST\STM32CubeIDE_1.7.0\STM32CubeIDE\plugins\com.st.stm32cube.common.mx_6.3.0.202107141111\\db\/plugins/boardmanager/
2023-12-11 14:22:21,913 [INFO] DbMcus:258 - Set plugin images path to: C:\ST\STM32CubeIDE_1.7.0\STM32CubeIDE\plugins\com.st.stm32cube.common.mx_6.3.0.202107141111\\db\/plugins/mcufinder/images/
2023-12-11 14:22:21,913 [INFO] DbBoards:264 - Set plugin images path to: C:\ST\STM32CubeIDE_1.7.0\STM32CubeIDE\plugins\com.st.stm32cube.common.mx_6.3.0.202107141111\\db\/plugins/mcufinder/images/
2023-12-11 14:22:21,913 [INFO] DbExamples:333 - Set plugin images path to: C:\ST\STM32CubeIDE_1.7.0\STM32CubeIDE\plugins\com.st.stm32cube.common.mx_6.3.0.202107141111\\db\/plugins/mcufinder/images/
2023-12-11 14:22:21,913 [WARN] DbFile:35 - Overriding database path with different value: C:\Users\DELL\.stmcufinder\plugins\mcufinder/ => C:\Users\DELL\.stmcufinder\plugins\mcufinder
2023-12-11 14:22:21,913 [INFO] DbMcusAds:119 - Set database path to: C:\Users\DELL\.stmcufinder\plugins\mcufinder//mcu/
2023-12-11 14:22:21,913 [WARN] DbFile:35 - Overriding database path with different value: C:\Users\DELL\.stmcufinder\plugins\mcufinder/ => C:\Users\DELL\.stmcufinder\plugins\mcufinder
2023-12-11 14:22:21,913 [INFO] DbMcusDocs:110 - Set database path to: C:\Users\DELL\.stmcufinder\plugins\mcufinder//mcu/
2023-12-11 14:22:21,913 [WARN] DbFile:35 - Overriding database path with different value: C:\Users\DELL\.stmcufinder\plugins\mcufinder/ => C:\Users\DELL\.stmcufinder\plugins\mcufinder
2023-12-11 14:22:21,913 [INFO] DbMcusJson:64 - Set database path to: C:\Users\DELL\.stmcufinder\plugins\mcufinder//mcu/
2023-12-11 14:22:21,913 [WARN] DbFile:35 - Overriding database path with different value: C:\Users\DELL\.stmcufinder\plugins\mcufinder/ => C:\Users\DELL\.stmcufinder\plugins\mcufinder
2023-12-11 14:22:21,913 [INFO] DbBoardsDocs:110 - Set database path to: C:\Users\DELL\.stmcufinder\plugins\mcufinder//mcu/
2023-12-11 14:22:21,913 [WARN] DbFile:35 - Overriding database path with different value: C:\Users\DELL\.stmcufinder\plugins\mcufinder/ => C:\Users\DELL\.stmcufinder\plugins\mcufinder
2023-12-11 14:22:21,913 [INFO] DbBoardsJson:57 - Set database path to: C:\Users\DELL\.stmcufinder\plugins\mcufinder//mcu/
2023-12-11 14:22:21,913 [WARN] DbFile:35 - Overriding database path with different value: C:\Users\DELL\.stmcufinder\plugins\mcufinder/ => C:\Users\DELL\.stmcufinder\plugins\mcufinder
2023-12-11 14:22:21,913 [WARN] DbFile:35 - Overriding database path with different value: C:\Users\DELL\.stmcufinder\plugins\mcufinder/ => C:\Users\DELL\.stmcufinder\plugins\mcufinder
2023-12-11 14:22:21,913 [INFO] CrossReferenceDbSqlite:196 - Set database path to: C:\Users\DELL\.stmcufinder\plugins\mcufinder//mcu/cs/
2023-12-11 14:22:21,913 [WARN] DbFile:35 - Overriding database path with different value: C:\Users\DELL\.stmcufinder\plugins\mcufinder/ => C:\Users\DELL\.stmcufinder\plugins\mcufinder
2023-12-11 14:22:21,913 [INFO] DbExamplesSqlite:767 - Set database path to: C:\Users\DELL\.stmcufinder\plugins\mcufinder//mcu/
2023-12-11 14:22:21,932 [INFO] ApplicationProperties:181 - Using Application install path: C:\ST\STM32CubeIDE_1.7.0\STM32CubeIDE\plugins\com.st.stm32cube.common.mx_6.3.0.202107141111
2023-12-11 14:22:21,932 [INFO] PluginManage:188 - Search for loadable plugins [exclusion list=, ]
2023-12-11 14:22:21,932 [INFO] PluginManage:302 - Check plugin analytics
2023-12-11 14:22:22,227 [INFO] AnalyticsPlugin:257 - Accepted Software Licenses: 
2023-12-11 14:22:22,262 [INFO] AnalyticsPlugin:259 - Accepted CMSIS Pack Licenses: 
2023-12-11 14:22:22,266 [INFO] AnalyticsPlugin:261 - Accepted Firmware Licenses: 
2023-12-11 14:22:22,266 [INFO] PluginManage:352 - Loaded plugin analytics (category:tool,tabindex:-1)
2023-12-11 14:22:22,266 [INFO] PluginManage:302 - Check plugin clock
2023-12-11 14:22:22,274 [INFO] PluginManage:352 - Loaded plugin clock (category:base,tabindex:2)
2023-12-11 14:22:22,274 [INFO] PluginManage:302 - Check plugin ddr
2023-12-11 14:22:22,274 [INFO] PluginManage:352 - Loaded plugin ddr (category:tool,tabindex:6)
2023-12-11 14:22:22,274 [INFO] PluginManage:302 - Check plugin filemanager
2023-12-11 14:22:22,431 [INFO] PluginManage:352 - Loaded plugin filemanager (category:base,tabindex:10)
2023-12-11 14:22:22,431 [INFO] PluginManage:302 - Check plugin ipmanager
2023-12-11 14:22:22,446 [INFO] PluginManage:352 - Loaded plugin ipmanager (category:base,tabindex:5)
2023-12-11 14:22:22,446 [INFO] PluginManage:302 - Check plugin pinoutandconfiguration
2023-12-11 14:22:22,478 [INFO] PluginManage:352 - Loaded plugin pinoutandconfiguration (category:base,tabindex:1)
2023-12-11 14:22:22,478 [INFO] PluginManage:302 - Check plugin pinoutconfig
2023-12-11 14:22:22,509 [INFO] PluginManage:352 - Loaded plugin pinoutconfig (category:base,tabindex:0)
2023-12-11 14:22:22,525 [INFO] PluginManage:302 - Check plugin power
2023-12-11 14:22:22,525 [INFO] PluginManage:352 - Loaded plugin power (category:power,tabindex:4)
2023-12-11 14:22:22,525 [INFO] PluginManage:302 - Check plugin projectmanager
2023-12-11 14:22:22,556 [INFO] PluginManage:352 - Loaded plugin projectmanager (category:projectmanager,tabindex:3)
2023-12-11 14:22:22,556 [INFO] PluginManage:302 - Check plugin thirdparty
2023-12-11 14:22:22,713 [INFO] PluginManage:352 - Loaded plugin thirdparty (category:base,tabindex:-1)
2023-12-11 14:22:22,713 [INFO] PluginManage:302 - Check plugin tools
2023-12-11 14:22:22,713 [WARN] IntegrityCheckThread:78 - waiting for thirdparty lock release [integrity check]
2023-12-11 14:22:22,713 [INFO] IntegrityCheckThread:80 - entering critical section [integrity check]
2023-12-11 14:22:22,713 [INFO] ThirdPartyUpdaterWithRetryManager:66 - Updater plugin not ready yet. [1/15]
2023-12-11 14:22:22,713 [INFO] PluginManage:352 - Loaded plugin tools (category:base,tabindex:7)
2023-12-11 14:22:22,713 [INFO] PluginManage:302 - Check plugin tutovideos
2023-12-11 14:22:23,026 [INFO] PluginManage:352 - Loaded plugin tutovideos (category:base,tabindex:-1)
2023-12-11 14:22:23,026 [INFO] PluginManage:302 - Check plugin updater
2023-12-11 14:22:23,054 [INFO] PluginManage:352 - Loaded plugin updater (category:base,tabindex:12)
2023-12-11 14:22:23,054 [INFO] PluginManage:275 - PluginManage : Loaded plugins [13]
2023-12-11 14:22:23,232 [INFO] PinOutPanel:1463 - setPackage(No Configuration,No Configuration)
2023-12-11 14:22:23,326 [INFO] IPUIPlugin:74 - create IPUIPlugin
2023-12-11 14:22:23,326 [INFO] PluginManager:213 - loadIPPluginJar : add adc
2023-12-11 14:22:23,326 [INFO] IPUIPlugin:74 - create IPUIPlugin
2023-12-11 14:22:23,326 [INFO] PluginManager:213 - loadIPPluginJar : add aes
2023-12-11 14:22:23,326 [INFO] IPUIPlugin:74 - create IPUIPlugin
2023-12-11 14:22:23,326 [INFO] PluginManager:213 - loadIPPluginJar : add can
2023-12-11 14:22:23,326 [INFO] IPUIPlugin:74 - create IPUIPlugin
2023-12-11 14:22:23,326 [INFO] PluginManager:213 - loadIPPluginJar : add comp
2023-12-11 14:22:23,326 [INFO] IPUIPlugin:74 - create IPUIPlugin
2023-12-11 14:22:23,326 [INFO] PluginManager:213 - loadIPPluginJar : add cryp
2023-12-11 14:22:23,341 [INFO] IPUIPlugin:74 - create IPUIPlugin
2023-12-11 14:22:23,341 [INFO] PluginManager:213 - loadIPPluginJar : add dfsdm
2023-12-11 14:22:23,341 [INFO] IPUIPlugin:74 - create IPUIPlugin
2023-12-11 14:22:23,341 [INFO] PluginManager:213 - loadIPPluginJar : add dma
2023-12-11 14:22:23,341 [INFO] IPUIPlugin:74 - create IPUIPlugin
2023-12-11 14:22:23,341 [INFO] PluginManager:213 - loadIPPluginJar : add dma3
2023-12-11 14:22:23,341 [INFO] IPUIPlugin:74 - create IPUIPlugin
2023-12-11 14:22:23,341 [INFO] PluginManager:213 - loadIPPluginJar : add fatfs
2023-12-11 14:22:23,357 [INFO] IPUIPlugin:74 - create IPUIPlugin
2023-12-11 14:22:23,357 [INFO] PluginManager:213 - loadIPPluginJar : add fmc
2023-12-11 14:22:23,357 [INFO] IPUIPlugin:74 - create IPUIPlugin
2023-12-11 14:22:23,357 [INFO] PluginManager:213 - loadIPPluginJar : add freertos
2023-12-11 14:22:23,357 [INFO] IPUIPlugin:74 - create IPUIPlugin
2023-12-11 14:22:23,357 [INFO] PluginManager:213 - loadIPPluginJar : add genericplugin
2023-12-11 14:22:23,357 [INFO] IPUIPlugin:74 - create IPUIPlugin
2023-12-11 14:22:23,357 [INFO] PluginManager:213 - loadIPPluginJar : add gfxmmu
2023-12-11 14:22:23,373 [INFO] IPUIPlugin:74 - create IPUIPlugin
2023-12-11 14:22:23,373 [INFO] PluginManager:213 - loadIPPluginJar : add gic
2023-12-11 14:22:23,373 [INFO] IPUIPlugin:74 - create IPUIPlugin
2023-12-11 14:22:23,373 [INFO] PluginManager:213 - loadIPPluginJar : add gpio
2023-12-11 14:22:23,373 [INFO] IPUIPlugin:74 - create IPUIPlugin
2023-12-11 14:22:23,373 [INFO] PluginManager:213 - loadIPPluginJar : add gtzc
2023-12-11 14:22:23,373 [INFO] IPUIPlugin:74 - create IPUIPlugin
2023-12-11 14:22:23,373 [INFO] PluginManager:213 - loadIPPluginJar : add hash
2023-12-11 14:22:23,388 [INFO] IPUIPlugin:74 - create IPUIPlugin
2023-12-11 14:22:23,388 [INFO] PluginManager:213 - loadIPPluginJar : add i2c
2023-12-11 14:22:23,388 [INFO] IPUIPlugin:74 - create IPUIPlugin
2023-12-11 14:22:23,388 [INFO] PluginManager:213 - loadIPPluginJar : add i2s
2023-12-11 14:22:23,388 [INFO] IPUIPlugin:74 - create IPUIPlugin
2023-12-11 14:22:23,388 [INFO] PluginManager:213 - loadIPPluginJar : add ipddr
2023-12-11 14:22:23,388 [INFO] IPUIPlugin:74 - create IPUIPlugin
2023-12-11 14:22:23,388 [INFO] PluginManager:213 - loadIPPluginJar : add linkedlist
2023-12-11 14:22:23,388 [INFO] IPUIPlugin:74 - create IPUIPlugin
2023-12-11 14:22:23,388 [INFO] PluginManager:213 - loadIPPluginJar : add lorawan
2023-12-11 14:22:23,388 [INFO] IPUIPlugin:74 - create IPUIPlugin
2023-12-11 14:22:23,388 [INFO] PluginManager:213 - loadIPPluginJar : add ltdc
2023-12-11 14:22:23,404 [INFO] IPUIPlugin:74 - create IPUIPlugin
2023-12-11 14:22:23,404 [INFO] PluginManager:213 - loadIPPluginJar : add mdma
2023-12-11 14:22:23,404 [INFO] IPUIPlugin:74 - create IPUIPlugin
2023-12-11 14:22:23,404 [INFO] PluginManager:213 - loadIPPluginJar : add nvic
2023-12-11 14:22:23,404 [INFO] IPUIPlugin:74 - create IPUIPlugin
2023-12-11 14:22:23,404 [INFO] PluginManager:213 - loadIPPluginJar : add opamp
2023-12-11 14:22:23,404 [INFO] IPUIPlugin:74 - create IPUIPlugin
2023-12-11 14:22:23,404 [INFO] PluginManager:213 - loadIPPluginJar : add openamp
2023-12-11 14:22:23,404 [INFO] IPUIPlugin:74 - create IPUIPlugin
2023-12-11 14:22:23,404 [INFO] PluginManager:213 - loadIPPluginJar : add pdm2pcm
2023-12-11 14:22:23,419 [INFO] IPUIPlugin:74 - create IPUIPlugin
2023-12-11 14:22:23,419 [INFO] PluginManager:213 - loadIPPluginJar : add plateformsettings
2023-12-11 14:22:23,419 [INFO] IPUIPlugin:74 - create IPUIPlugin
2023-12-11 14:22:23,419 [INFO] PluginManager:213 - loadIPPluginJar : add quadspi
2023-12-11 14:22:23,419 [INFO] IPUIPlugin:74 - create IPUIPlugin
2023-12-11 14:22:23,419 [INFO] PluginManager:213 - loadIPPluginJar : add resmgrutility
2023-12-11 14:22:23,419 [INFO] IPUIPlugin:74 - create IPUIPlugin
2023-12-11 14:22:23,419 [INFO] PluginManager:213 - loadIPPluginJar : add sai
2023-12-11 14:22:23,435 [INFO] IPUIPlugin:74 - create IPUIPlugin
2023-12-11 14:22:23,435 [INFO] PluginManager:213 - loadIPPluginJar : add spi
2023-12-11 14:22:23,435 [INFO] IPUIPlugin:74 - create IPUIPlugin
2023-12-11 14:22:23,435 [INFO] PluginManager:213 - loadIPPluginJar : add stm32_wpan
2023-12-11 14:22:23,435 [INFO] IPUIPlugin:74 - create IPUIPlugin
2023-12-11 14:22:23,435 [INFO] PluginManager:213 - loadIPPluginJar : add tim
2023-12-11 14:22:23,435 [INFO] IPUIPlugin:74 - create IPUIPlugin
2023-12-11 14:22:23,435 [INFO] PluginManager:213 - loadIPPluginJar : add touchsensing
2023-12-11 14:22:23,451 [INFO] IPUIPlugin:74 - create IPUIPlugin
2023-12-11 14:22:23,451 [INFO] PluginManager:213 - loadIPPluginJar : add tracer_emb
2023-12-11 14:22:23,455 [INFO] IPUIPlugin:74 - create IPUIPlugin
2023-12-11 14:22:23,455 [INFO] PluginManager:213 - loadIPPluginJar : add ts
2023-12-11 14:22:23,456 [INFO] IPUIPlugin:74 - create IPUIPlugin
2023-12-11 14:22:23,456 [INFO] PluginManager:213 - loadIPPluginJar : add tsc
2023-12-11 14:22:23,456 [INFO] IPUIPlugin:74 - create IPUIPlugin
2023-12-11 14:22:23,456 [INFO] PluginManager:213 - loadIPPluginJar : add ucpd
2023-12-11 14:22:23,456 [INFO] IPUIPlugin:74 - create IPUIPlugin
2023-12-11 14:22:23,456 [INFO] PluginManager:213 - loadIPPluginJar : add usart
2023-12-11 14:22:23,456 [INFO] IPUIPlugin:74 - create IPUIPlugin
2023-12-11 14:22:23,456 [INFO] PluginManager:213 - loadIPPluginJar : add usbx
2023-12-11 14:22:23,832 [FATAL] Updater:294 - Updater called before beeing initialized
2023-12-11 14:22:23,941 [FATAL] Updater:294 - Updater called before beeing initialized
2023-12-11 14:22:23,941 [INFO] DbMcusAds:47 - JSON generation date=Wed Nov 29 17:52:38 ICT 2023 (1701255158764)
2023-12-11 14:22:23,941 [FATAL] Updater:294 - Updater called before beeing initialized
2023-12-11 14:22:24,003 [WARN] DetailPanel:314 - Failed to get advertising image, set to default
2023-12-11 14:22:24,097 [FATAL] Updater:294 - Updater called before beeing initialized
2023-12-11 14:22:24,097 [FATAL] Updater:294 - Updater called before beeing initialized
2023-12-11 14:22:24,097 [FATAL] Updater:294 - Updater called before beeing initialized
2023-12-11 14:22:24,097 [WARN] DetailPanel:314 - Failed to get advertising image, set to default
2023-12-11 14:22:24,097 [FATAL] Updater:294 - Updater called before beeing initialized
2023-12-11 14:22:24,160 [ERROR] Updater:1075 - MainUpdater not yet initialized. External WinMGr cannot be set.
2023-12-11 14:22:24,160 [INFO] Updater:1012 - Updater Version found : 6.3.0
2023-12-11 14:22:24,175 [INFO] ApplicationProperties:181 - Using Application install path: C:\ST\STM32CubeIDE_1.7.0\STM32CubeIDE\plugins\com.st.stm32cube.common.mx_6.3.0.202107141111
2023-12-11 14:22:25,713 [INFO] ThirdPartyUpdaterWithRetryManager:66 - Updater plugin not ready yet. [2/15]
2023-12-11 14:22:25,901 [INFO] MainUpdater:2671 - connection check result : 10
2023-12-11 14:22:25,901 [INFO] MainUpdater:265 - Updater Check For Update Now.
2023-12-11 14:22:25,901 [INFO] MicroXplorer:478 - Change Database Version : DB.6.0.30
2023-12-11 14:22:26,073 [INFO] CheckServerUpdateThread:112 - End of CheckServer Thread
2023-12-11 14:22:26,136 [INFO] MainUpdater:2671 - connection check result : 10
2023-12-11 14:22:26,358 [INFO] McuFinderGlobals:52 - Set McuFinderConnectedMode to false
2023-12-11 14:22:26,453 [INFO] CrossSelectorPresenter:1330 - Cross Selector saved comparison directory: C:\Users\DELL\.stmcufinder\plugins\mcufinder\mcu\cs_comparisons_mx
2023-12-11 14:22:26,453 [INFO] MultiScanPanel:197 - Auto-refresh data requested => check proxy status ongoing
2023-12-11 14:22:26,453 [INFO] MultiScanPanel:201 - Proxy status is invalid
2023-12-11 14:22:26,469 [INFO] FinderPluginLoader:87 - Searching for filters in installed packs
2023-12-11 14:22:26,469 [INFO] DbMcusXml:100 - Load MCU database from C:\ST\STM32CubeIDE_1.7.0\STM32CubeIDE\plugins\com.st.stm32cube.common.mx_6.3.0.202107141111\\db\/mcu/families.xml
2023-12-11 14:22:27,464 [INFO] DbMcusJson:93 - JSON generation date=Tue Nov 16 23:17:54 ICT 2021 (1637079474)
2023-12-11 14:22:28,688 [INFO] DbMcus:175 - Found 1951 MCUs (1903 are supported by CubeMX, 1914 are visible in CubeMX)
2023-12-11 14:22:28,688 [INFO] ApiDb:251 - Load user favorites file C:\Users\DELL/.stm32cubeide/favorites.mcus.txt: 0 item(s)
2023-12-11 14:22:28,688 [INFO] ApiDb:255 - User favorites MCUs=[]
2023-12-11 14:22:28,688 [INFO] DbMcus:187 - Set 0 / 0 favorites MCUs
2023-12-11 14:22:28,881 [ERROR] Engine:463 - C:\Users\DELL\.stm32cubemx\thirdparties\pdsc\STMicroelectronics.X-CUBE-SMBUS.2.1.0.pdsc: PDSC version is not supported
2023-12-11 14:22:28,995 [WARN] PackLoader:238 - Cannot read IP mode file for STMicroelectronics.X-CUBE-AZRTOS-F7.1.1.0
2023-12-11 14:22:29,010 [ERROR] Engine:463 - C:\Users\DELL\.stm32cubemx\thirdparties\pdsc\STMicroelectronics.FP-SNS-MOTENV1.4.3.2.pdsc: PDSC version is not supported
2023-12-11 14:22:29,020 [WARN] PackLoader:238 - Cannot read IP mode file for STMicroelectronics.X-CUBE-BLE1.6.2.3
2023-12-11 14:22:29,024 [ERROR] Engine:463 - C:\Users\DELL\.stm32cubemx\thirdparties\pdsc\STMicroelectronics.FP-SNS-FLIGHT1.5.0.2.pdsc: PDSC version is not supported
2023-12-11 14:22:29,024 [ERROR] Engine:463 - C:\Users\DELL\.stm32cubemx\thirdparties\pdsc\STMicroelectronics.X-CUBE-DISPLAY.3.0.0.pdsc: PDSC version is not supported
2023-12-11 14:22:29,037 [WARN] PackLoader:238 - Cannot read IP mode file for STMicroelectronics.X-CUBE-BLE1.7.0.0
2023-12-11 14:22:29,037 [WARN] PackLoader:238 - Cannot read IP mode file for STMicroelectronics.X-CUBE-TOUCHGFX.4.22.0
2023-12-11 14:22:29,037 [WARN] PackLoader:238 - Cannot read IP mode file for STMicroelectronics.X-CUBE-TOUCHGFX.4.22.1
2023-12-11 14:22:29,116 [WARN] PackLoader:238 - Cannot read IP mode file for STMicroelectronics.X-CUBE-MEMS1.9.3.0
2023-12-11 14:22:29,894 [WARN] PackLoader:238 - Cannot read IP mode file for STMicroelectronics.X-CUBE-AI.7.2.0
2023-12-11 14:22:29,898 [ERROR] Engine:463 - C:\Users\DELL\.stm32cubemx\thirdparties\pdsc\STMicroelectronics.FP-SNS-SMARTAG2.1.2.0.pdsc: PDSC version is not supported
2023-12-11 14:22:29,909 [INFO] LogOutputStream:76 - [STDOUT_REDIRECT] 1 : Invalid condition id : UX_CORESTACK_Condition cause : null
2023-12-11 14:22:29,915 [INFO] LogOutputStream:76 - [STDOUT_REDIRECT] 1 : Invalid condition id : UX_CORESTACK_Condition cause : null
2023-12-11 14:22:29,916 [INFO] LogOutputStream:76 - [STDOUT_REDIRECT] 1 : Invalid condition id : UX_CORESTACK_Condition cause : null
2023-12-11 14:22:29,916 [INFO] LogOutputStream:76 - [STDOUT_REDIRECT] 1 : Invalid condition id : UX_CORESTACK_Condition cause : null
2023-12-11 14:22:29,916 [INFO] LogOutputStream:76 - [STDOUT_REDIRECT] 1 : Invalid condition id : UX_CORESTACK_Condition cause : null
2023-12-11 14:22:29,924 [WARN] PackLoader:238 - Cannot read IP mode file for STMicroelectronics.X-CUBE-AZRTOS-WL.2.0.0
2023-12-11 14:22:29,924 [INFO] DetailPanel:309 - Set advertising image to C:/Users/DELL/STM32Cube/Repository/\en.prom-stm32wl3-mcu-finder.jpg
2023-12-11 14:22:29,935 [WARN] PackLoader:238 - Cannot read IP mode file for WES.I-CUBE-Cesium.1.3.0
2023-12-11 14:22:29,935 [WARN] PackLoader:238 - Cannot read IP mode file for STMicroelectronics.X-CUBE-BLE2.3.3.0
2023-12-11 14:22:29,951 [WARN] PackLoader:238 - Cannot read IP mode file for STMicroelectronics.X-CUBE-DISPLAY.2.2.0
2023-12-11 14:22:29,967 [WARN] PackLoader:238 - Cannot read IP mode file for STMicroelectronics.X-CUBE-TOF1.3.2.0
2023-12-11 14:22:30,027 [WARN] PackLoader:238 - Cannot read IP mode file for STMicroelectronics.X-CUBE-AZRTOS-H7.2.1.0
2023-12-11 14:22:30,030 [WARN] PackLoader:238 - Cannot read IP mode file for STMicroelectronics.X-CUBE-AI.7.3.0
2023-12-11 14:22:30,030 [WARN] PackLoader:238 - Cannot read IP mode file for STMicroelectronics.X-CUBE-ALGOBUILD.1.3.0
2023-12-11 14:22:30,062 [WARN] PackLoader:238 - Cannot read IP mode file for STMicroelectronics.X-CUBE-AZRTOS-G0.1.1.0
2023-12-11 14:22:30,078 [WARN] PackLoader:238 - Cannot read IP mode file for STMicroelectronics.X-CUBE-NFC4.3.0.0
2023-12-11 14:22:30,124 [WARN] PackLoader:238 - Cannot read IP mode file for SEGGER.I-CUBE-embOS.1.2.1
2023-12-11 14:22:30,200 [ERROR] Engine:463 - C:\Users\DELL\.stm32cubemx\thirdparties\pdsc\STMicroelectronics.X-CUBE-BLEMGR.3.0.0.pdsc: PDSC version is not supported
2023-12-11 14:22:30,203 [WARN] PackLoader:238 - Cannot read IP mode file for STMicroelectronics.FP-ATR-SIGFOX1.3.2.0
2023-12-11 14:22:30,209 [WARN] PackLoader:238 - Cannot read IP mode file for STMicroelectronics.X-CUBE-TOUCHGFX.4.20.0
2023-12-11 14:22:30,242 [WARN] PackLoader:238 - Cannot read IP mode file for SEGGER.I-CUBE-embOS.1.3.1
2023-12-11 14:22:30,338 [WARN] PackLoader:238 - Cannot read IP mode file for STMicroelectronics.X-CUBE-GNSS1.6.0.0
2023-12-11 14:22:30,368 [WARN] PackLoader:238 - Cannot read IP mode file for STMicroelectronics.X-CUBE-AZRTOS-F4.1.1.0
2023-12-11 14:22:30,400 [WARN] PackLoader:238 - Cannot read IP mode file for STMicroelectronics.X-CUBE-BLEMGR.1.2.0
2023-12-11 14:22:30,432 [WARN] PackLoader:238 - Cannot read IP mode file for STMicroelectronics.X-CUBE-AZRTOS-L5.2.0.0
2023-12-11 14:22:30,479 [INFO] DbBoardsPdsc:90 - Found 25 items
2023-12-11 14:22:30,479 [INFO] DbBoardsPdsc:90 - Found 9 items
2023-12-11 14:22:30,488 [INFO] DbBoardsPdsc:90 - Found 33 items
2023-12-11 14:22:30,488 [WARN] PackLoader:238 - Cannot read IP mode file for STMicroelectronics.X-CUBE-MEMS1.9.6.0
2023-12-11 14:22:30,488 [INFO] DbBoardsPdsc:90 - Found 1 items
2023-12-11 14:22:30,495 [INFO] DbBoardsPdsc:90 - Found 48 items
2023-12-11 14:22:30,495 [INFO] DbBoardsPdsc:90 - Found 43 items
2023-12-11 14:22:30,512 [INFO] DbBoardsPdsc:90 - Found 2 items
2023-12-11 14:22:30,512 [INFO] DbBoardsPdsc:90 - Found 5 items
2023-12-11 14:22:30,512 [WARN] DbBoardsPdsc:254 - Board STM32H7B3I-DK: unknown feature type=Audio, name=, username=Audio stereo codec with Headphone Amp (CS42L51-CNZ), n=1
2023-12-11 14:22:30,512 [WARN] DbBoardsPdsc:254 - Board STM32H735G-DK: unknown feature type=Audio, name=, username=Audio stereo codec with Headphone Amp (WM8994ECS/R), n=1
2023-12-11 14:22:30,512 [WARN] DbBoardsPdsc:254 - Board STM32H7B3I-EVAL: unknown feature type=Audio, name=, username=Multi-Channel Audio Codec (CS42L51-CNZ), n=1
2023-12-11 14:22:30,512 [WARN] DbBoardsPdsc:254 - Board STM32H7B3I-EVAL: unknown feature type=Meter, name=, username=Power-metering and Temperature-monitoring with sigma-delta modulators, n=1
2023-12-11 14:22:30,512 [WARN] DbBoardsPdsc:254 - Board STM32H7B3I-EVAL: unknown feature type=Motor, name=, username=Motor Control, n=1
2023-12-11 14:22:30,512 [WARN] DbBoardsPdsc:254 - Board STM32U575I-EV: unknown feature type=joystick, name=, username=4-direction joystick with selection button, n=1
2023-12-11 14:22:30,543 [INFO] DbBoardsJson:86 - JSON generation date=Tue Nov 16 23:17:54 ICT 2021 (1637079474)
2023-12-11 14:22:30,573 [INFO] DbBoards:117 - Found 167 boards (163 are supported by CubeMX)
2023-12-11 14:22:30,573 [INFO] DbBoardsDocs:143 - JSON generation date=Tue Nov 16 23:17:54 ICT 2021 (1637079474)
2023-12-11 14:22:30,573 [INFO] DbBoardsDocs:79 - Found 209 boards documents
2023-12-11 14:22:30,573 [WARN] DbBoards:127 - board B-L475E-IOT01A2 has no document id list !
2023-12-11 14:22:30,573 [WARN] DbBoards:127 - board NUCLEO-H743ZI has no document id list !
2023-12-11 14:22:30,573 [WARN] DbBoards:127 - board NUCLEO-WL55JC2 has no document id list !
2023-12-11 14:22:30,573 [WARN] DbBoards:127 - board P-NUCLEO-WB55-Nucleo has no document id list !
2023-12-11 14:22:30,573 [WARN] DbBoards:127 - board P-NUCLEO-WB55-USBDongle has no document id list !
2023-12-11 14:22:30,573 [WARN] DbBoards:127 - board STEVAL-BFA001V1B has no document id list !
2023-12-11 14:22:30,573 [WARN] DbBoards:127 - board STEVAL-BFA001V2B has no document id list !
2023-12-11 14:22:30,573 [WARN] DbBoards:127 - board STEVAL-IDP005V1 has no document id list !
2023-12-11 14:22:30,573 [WARN] DbBoards:127 - board STEVAL-IDP005V2 has no document id list !
2023-12-11 14:22:30,573 [WARN] DbBoards:127 - board STEVAL-MKSBOX1V1 has no document id list !
2023-12-11 14:22:30,573 [WARN] DbBoards:127 - board STEVAL-STWINKT1 has no document id list !
2023-12-11 14:22:30,573 [WARN] DbBoards:127 - board STEVAL-STWINKT1B has no document id list !
2023-12-11 14:22:30,573 [WARN] DbBoards:127 - board STM32439I-EVAL2 has no document id list !
2023-12-11 14:22:30,573 [WARN] DbBoards:127 - board STM32F401C-DISCO has no document id list !
2023-12-11 14:22:30,573 [WARN] DbBoards:127 - board STM32F769I-DISC1 has no document id list !
2023-12-11 14:22:30,573 [WARN] DbBoards:127 - board STM32G474E-EVAL1 has no document id list !
2023-12-11 14:22:30,573 [WARN] DbBoards:127 - board STM32H743I-EVAL2 has no document id list !
2023-12-11 14:22:30,573 [WARN] DbBoards:127 - board STM32H747I-DISC1 has no document id list !
2023-12-11 14:22:30,573 [WARN] DbBoards:127 - board STM32H753I-EVAL2 has no document id list !
2023-12-11 14:22:30,573 [WARN] DbBoards:127 - board STM32L-DISCOVERY has no document id list !
2023-12-11 14:22:30,683 [WARN] PackLoader:238 - Cannot read IP mode file for STMicroelectronics.X-CUBE-EEPRMA1.4.2.0
2023-12-11 14:22:30,699 [ERROR] Engine:463 - C:\Users\DELL\.stm32cubemx\thirdparties\pdsc\ITTIA_DB.I-CUBE-ITTIADB.8.8.0.pdsc: PDSC version is not supported
2023-12-11 14:22:30,699 [WARN] PackLoader:238 - Cannot read IP mode file for emotas.I-CUBE-CANOPEN.1.1.3
2023-12-11 14:22:30,699 [WARN] PackLoader:238 - Cannot read IP mode file for STMicroelectronics.X-CUBE-BLEMGR.2.0.0
2023-12-11 14:22:30,714 [WARN] PackLoader:238 - Cannot read IP mode file for STMicroelectronics.X-CUBE-NFC4.2.0.4
2023-12-11 14:22:30,714 [ERROR] DbBoards:189 - Image file not found for board B-U585I-IOT02A: C:\ST\STM32CubeIDE_1.7.0\STM32CubeIDE\plugins\com.st.stm32cube.common.mx_6.3.0.202107141111\\db\/plugins/mcufinder/images/boards/B-U585I-IOT02A_small.jpg
2023-12-11 14:22:30,746 [WARN] ConditionMgr:437 - getConditionDescription Invalid condition id : UX DEVICE CLASS RTOS Condition cause : null
2023-12-11 14:22:30,746 [WARN] ConditionMgr:437 - getConditionDescription Invalid condition id : UX DEVICE CLASS RTOS Condition cause : null
2023-12-11 14:22:30,746 [WARN] PackLoader:238 - Cannot read IP mode file for STMicroelectronics.X-CUBE-AZRTOS-H7.3.1.0
2023-12-11 14:22:30,746 [WARN] ConditionMgr:1038 - genDependencies : Invalid condition id : UX DEVICE CLASS RTOS Condition cause : null
2023-12-11 14:22:30,746 [WARN] ConditionMgr:1038 - genDependencies : Invalid condition id : UX DEVICE CLASS RTOS Condition cause : null
2023-12-11 14:22:30,746 [WARN] ConditionMgr:1038 - genDependencies : Invalid condition id : UX DEVICE CLASS RTOS Condition cause : null
2023-12-11 14:22:30,746 [WARN] ConditionMgr:1038 - genDependencies : Invalid condition id : UX DEVICE CLASS RTOS Condition cause : null
2023-12-11 14:22:30,746 [WARN] ConditionMgr:1038 - genDependencies : Invalid condition id : UX DEVICE CLASS RTOS Condition cause : null
2023-12-11 14:22:30,761 [WARN] PackLoader:238 - Cannot read IP mode file for wolfSSL.I-CUBE-wolfSSL.5.5.3
2023-12-11 14:22:30,777 [WARN] PackLoader:238 - Cannot read IP mode file for STMicroelectronics.X-CUBE-NFC7.1.0.1
2023-12-11 14:22:30,793 [WARN] PackLoader:238 - Cannot read IP mode file for STMicroelectronics.X-CUBE-NFC7.1.0.0
2023-12-11 14:22:30,808 [WARN] PackLoader:238 - Cannot read IP mode file for STMicroelectronics.X-CUBE-NFC6.3.0.0
2023-12-11 14:22:30,839 [WARN] PackLoader:238 - Cannot read IP mode file for STMicroelectronics.X-CUBE-EEPRMA1.4.1.0
2023-12-11 14:22:30,839 [WARN] PackLoader:238 - Cannot read IP mode file for STMicroelectronics.X-CUBE-AI.8.1.0
2023-12-11 14:22:30,902 [WARN] ConditionMgr:437 - getConditionDescription Invalid condition id : LAN8742 Phy interface Condition cause : null
2023-12-11 14:22:30,902 [WARN] PackLoader:238 - Cannot read IP mode file for STMicroelectronics.X-CUBE-AZRTOS-L4.2.0.0
2023-12-11 14:22:30,902 [WARN] ConditionMgr:1038 - genDependencies : Invalid condition id : LAN8742 Phy interface Condition cause : null
2023-12-11 14:22:30,902 [WARN] ConditionMgr:1038 - genDependencies : Invalid condition id : LAN8742 Phy interface Condition cause : null
2023-12-11 14:22:30,902 [WARN] ConditionMgr:1038 - genDependencies : Invalid condition id : LAN8742 Phy interface Condition cause : null
2023-12-11 14:22:30,933 [WARN] PackLoader:238 - Cannot read IP mode file for STMicroelectronics.X-CUBE-SFXS2LP1.4.0.0
2023-12-11 14:22:30,933 [WARN] PackLoader:238 - Cannot read IP mode file for STMicroelectronics.X-CUBE-ISPU.1.1.0
2023-12-11 14:22:30,949 [WARN] PackLoader:238 - Cannot read IP mode file for RoweBots.I-CUBE-UNISONRTOS.5.5.0-4
2023-12-11 14:22:30,980 [ERROR] DbBoards:189 - Image file not found for board NUCLEO-F413ZH: C:\ST\STM32CubeIDE_1.7.0\STM32CubeIDE\plugins\com.st.stm32cube.common.mx_6.3.0.202107141111\\db\/plugins/mcufinder/images/boards/nucleo-f413zh_small.jpg
2023-12-11 14:22:31,200 [WARN] ConditionMgr:437 - getConditionDescription Invalid condition id : UX DEVICE CLASS RTOS Condition cause : null
2023-12-11 14:22:31,200 [WARN] ConditionMgr:437 - getConditionDescription Invalid condition id : UX DEVICE CLASS RTOS Condition cause : null
2023-12-11 14:22:31,231 [WARN] PackLoader:238 - Cannot read IP mode file for STMicroelectronics.X-CUBE-AZRTOS-WB.2.0.0
2023-12-11 14:22:31,245 [WARN] ConditionMgr:1038 - genDependencies : Invalid condition id : UX DEVICE CLASS RTOS Condition cause : null
2023-12-11 14:22:31,245 [WARN] ConditionMgr:1038 - genDependencies : Invalid condition id : UX DEVICE CLASS RTOS Condition cause : null
2023-12-11 14:22:31,247 [WARN] ConditionMgr:1038 - genDependencies : Invalid condition id : UX DEVICE CLASS RTOS Condition cause : null
2023-12-11 14:22:31,247 [WARN] ConditionMgr:1038 - genDependencies : Invalid condition id : UX DEVICE CLASS RTOS Condition cause : null
2023-12-11 14:22:31,247 [WARN] ConditionMgr:1038 - genDependencies : Invalid condition id : UX DEVICE CLASS RTOS Condition cause : null
2023-12-11 14:22:31,280 [WARN] PackLoader:238 - Cannot read IP mode file for STMicroelectronics.X-CUBE-SUBG2.5.0.0
2023-12-11 14:22:31,311 [ERROR] Engine:463 - C:\Users\DELL\.stm32cubemx\thirdparties\pdsc\STMicroelectronics.X-CUBE-TOF1.3.3.1.pdsc: PDSC version is not supported
2023-12-11 14:22:31,359 [WARN] PackLoader:238 - Cannot read IP mode file for STMicroelectronics.X-CUBE-AZRTOS-G4.2.0.0
2023-12-11 14:22:31,368 [WARN] PackLoader:238 - Cannot read IP mode file for STMicroelectronics.FP-ATR-ASTRA1.1.1.1
2023-12-11 14:22:31,391 [ERROR] Engine:463 - C:\Users\DELL\.stm32cubemx\thirdparties\pdsc\Infineon.AIROC-Wi-Fi-Bluetooth-STM32.1.5.1.pdsc: PDSC version is not supported
2023-12-11 14:22:31,391 [ERROR] Engine:463 - C:\Users\DELL\.stm32cubemx\thirdparties\pdsc\STMicroelectronics.FP-SNS-MOTENVWB1.1.3.0.pdsc: PDSC version is not supported
2023-12-11 14:22:31,400 [ERROR] Engine:463 - C:\Users\DELL\.stm32cubemx\thirdparties\pdsc\STMicroelectronics.FP-SNS-MOTENVWB1.1.3.1.pdsc: PDSC version is not supported
2023-12-11 14:22:31,422 [WARN] PackLoader:238 - Cannot read IP mode file for STMicroelectronics.X-CUBE-AZRTOS-G4.1.0.0
2023-12-11 14:22:31,470 [WARN] PackLoader:238 - Cannot read IP mode file for STMicroelectronics.X-CUBE-AZRTOS-L4.1.0.0
2023-12-11 14:22:31,479 [WARN] PackLoader:238 - Cannot read IP mode file for STMicroelectronics.X-CUBE-ISPU.2.0.0
2023-12-11 14:22:31,550 [WARN] PackLoader:238 - Cannot read IP mode file for STMicroelectronics.X-CUBE-MEMS1.10.0.0
2023-12-11 14:22:31,648 [ERROR] DbBoards:189 - Image file not found for board NUCLEO-L552ZE-Q: C:\ST\STM32CubeIDE_1.7.0\STM32CubeIDE\plugins\com.st.stm32cube.common.mx_6.3.0.202107141111\\db\/plugins/mcufinder/images/boards/nucleo_l552ze_q_small.jpg
2023-12-11 14:22:31,649 [ERROR] DbBoards:189 - Image file not found for board NUCLEO-U575ZI-Q: C:\ST\STM32CubeIDE_1.7.0\STM32CubeIDE\plugins\com.st.stm32cube.common.mx_6.3.0.202107141111\\db\/plugins/mcufinder/images/boards/nucleo-u575zi-q_small.jpg
2023-12-11 14:22:31,649 [ERROR] DbBoards:189 - Image file not found for board NUCLEO-WB15CC: C:\ST\STM32CubeIDE_1.7.0\STM32CubeIDE\plugins\com.st.stm32cube.common.mx_6.3.0.202107141111\\db\/plugins/mcufinder/images/boards/nucleo-wb15cc_small.jpg
2023-12-11 14:22:31,649 [ERROR] DbBoards:189 - Image file not found for board NUCLEO-WB55RG: C:\ST\STM32CubeIDE_1.7.0\STM32CubeIDE\plugins\com.st.stm32cube.common.mx_6.3.0.202107141111\\db\/plugins/mcufinder/images/boards/nucleo-wb55rg_small.jpg
2023-12-11 14:22:31,788 [ERROR] Engine:463 - C:\Users\DELL\.stm32cubemx\thirdparties\pdsc\STMicroelectronics.X-CUBE-FREERTOS.1.1.0.pdsc: PDSC version is not supported
2023-12-11 14:22:31,813 [WARN] PackLoader:238 - Cannot read IP mode file for STMicroelectronics.X-CUBE-AZRTOS-WL.1.0.0
2023-12-11 14:22:31,820 [WARN] PackLoader:238 - Cannot read IP mode file for portGmbH.I-Cube-SoM-uGOAL.1.1.0
2023-12-11 14:22:31,836 [WARN] PackLoader:238 - Cannot read IP mode file for STMicroelectronics.X-CUBE-AZRTOS-L5.1.0.0
2023-12-11 14:22:31,854 [WARN] PackLoader:238 - Cannot read IP mode file for STMicroelectronics.X-CUBE-EEPRMA1.3.1.1
2023-12-11 14:22:31,854 [WARN] PackLoader:238 - Cannot read IP mode file for STMicroelectronics.FP-ATR-ASTRA1.2.0.0
2023-12-11 14:22:31,869 [ERROR] Engine:463 - C:\Users\DELL\.stm32cubemx\thirdparties\pdsc\STMicroelectronics.X-CUBE-TOF1.3.4.0.pdsc: PDSC version is not supported
2023-12-11 14:22:31,899 [WARN] PackLoader:238 - Cannot read IP mode file for STMicroelectronics.X-CUBE-AZRTOS-H7.3.2.0
2023-12-11 14:22:31,908 [INFO] ThirdParty:915 - Integrity check success = true
2023-12-11 14:22:31,908 [INFO] IntegrityCheckThread:94 - exiting critical section [integrity check]
2023-12-11 14:22:31,908 [INFO] IntegrityCheckThread:97 - End integrity checks thread
2023-12-11 14:22:32,984 [INFO] ApiDb:251 - Load user favorites file C:\Users\DELL/.stm32cubeide/favorites.boards.txt: 0 item(s)
2023-12-11 14:22:32,984 [INFO] ApiDb:255 - User favorites Boards=[]
2023-12-11 14:22:32,984 [INFO] DbBoards:206 - Set 0 / 0 favorites Boards
2023-12-11 14:22:34,946 [INFO] McuFinderGlobals:52 - Set McuFinderConnectedMode to true
2023-12-11 14:22:34,946 [INFO] ApiDb:276 - Save user favorites file C:\Users\DELL/.stm32cubeide/favorites.mcus.txt: 0 item(s)
2023-12-11 14:22:34,946 [INFO] ApiDb:280 - User favorites MCUs=[]
2023-12-11 14:23:03,373 [INFO] MainUpdater:2671 - connection check result : 10
2023-12-11 14:23:03,439 [INFO] McuFinderGlobals:52 - Set McuFinderConnectedMode to false
2023-12-11 14:23:03,452 [INFO] CrossSelectorPresenter:1330 - Cross Selector saved comparison directory: C:\Users\DELL\.stmcufinder\plugins\mcufinder\mcu\cs_comparisons_mx
2023-12-11 14:23:03,452 [INFO] MultiScanPanel:197 - Auto-refresh data requested => check proxy status ongoing
2023-12-11 14:23:03,452 [INFO] MultiScanPanel:201 - Proxy status is invalid
2023-12-11 14:23:03,452 [INFO] FinderPluginLoader:87 - Searching for filters in installed packs
2023-12-11 14:23:03,689 [INFO] DetailPanel:309 - Set advertising image to C:/Users/DELL/STM32Cube/Repository/\en.prom-stm32wl3-mcu-finder.jpg
2023-12-11 14:23:10,148 [ERROR] LogOutputStream:74 - [STDERR_REDIRECT] Exception in thread "AWT-EventQueue-0" org.eclipse.swt.SWTException: Device is disposed
2023-12-11 14:23:10,148 [ERROR] LogOutputStream:74 - [STDERR_REDIRECT] 	at org.eclipse.swt.SWT.error(SWT.java:4889)
2023-12-11 14:23:10,159 [ERROR] LogOutputStream:74 - [STDERR_REDIRECT] 	at org.eclipse.swt.SWT.error(SWT.java:4804)
2023-12-11 14:23:10,159 [ERROR] LogOutputStream:74 - [STDERR_REDIRECT] 	at org.eclipse.swt.SWT.error(SWT.java:4775)
2023-12-11 14:23:10,161 [ERROR] LogOutputStream:74 - [STDERR_REDIRECT] 	at org.eclipse.swt.widgets.Display.error(Display.java:1262)
2023-12-11 14:23:10,161 [ERROR] LogOutputStream:74 - [STDERR_REDIRECT] 	at org.eclipse.swt.widgets.Display.asyncExec(Display.java:779)
2023-12-11 14:23:10,161 [ERROR] LogOutputStream:74 - [STDERR_REDIRECT] 	at com.st.stm32cube.common.mx.oss.core.awtswtbridge.AwtEnvironment$2.run(AwtEnvironment.java:168)
2023-12-11 14:23:10,161 [ERROR] LogOutputStream:74 - [STDERR_REDIRECT] 	at java.desktop/java.awt.event.InvocationEvent.dispatch(InvocationEvent.java:313)
2023-12-11 14:23:10,161 [ERROR] LogOutputStream:74 - [STDERR_REDIRECT] 	at java.desktop/java.awt.EventQueue.dispatchEventImpl(EventQueue.java:770)
2023-12-11 14:23:10,161 [ERROR] LogOutputStream:74 - [STDERR_REDIRECT] 	at java.desktop/java.awt.EventQueue$4.run(EventQueue.java:721)
2023-12-11 14:23:10,161 [ERROR] LogOutputStream:74 - [STDERR_REDIRECT] 	at java.desktop/java.awt.EventQueue$4.run(EventQueue.java:715)
2023-12-11 14:23:10,161 [ERROR] LogOutputStream:74 - [STDERR_REDIRECT] 	at java.base/java.security.AccessController.doPrivileged(Native Method)
2023-12-11 14:23:10,161 [ERROR] LogOutputStream:74 - [STDERR_REDIRECT] 	at java.base/java.security.ProtectionDomain$JavaSecurityAccessImpl.doIntersectionPrivilege(ProtectionDomain.java:85)
2023-12-11 14:23:10,161 [ERROR] LogOutputStream:74 - [STDERR_REDIRECT] 	at java.desktop/java.awt.EventQueue.dispatchEvent(EventQueue.java:740)
2023-12-11 14:23:10,161 [ERROR] LogOutputStream:74 - [STDERR_REDIRECT] 	at java.desktop/java.awt.EventDispatchThread.pumpOneEventForFilters(EventDispatchThread.java:203)
2023-12-11 14:23:10,161 [ERROR] LogOutputStream:74 - [STDERR_REDIRECT] 	at java.desktop/java.awt.EventDispatchThread.pumpEventsForFilter(EventDispatchThread.java:124)
2023-12-11 14:23:10,161 [ERROR] LogOutputStream:74 - [STDERR_REDIRECT] 	at java.desktop/java.awt.EventDispatchThread.pumpEventsForHierarchy(EventDispatchThread.java:113)
2023-12-11 14:23:10,161 [ERROR] LogOutputStream:74 - [STDERR_REDIRECT] 	at java.desktop/java.awt.EventDispatchThread.pumpEvents(EventDispatchThread.java:109)
2023-12-11 14:23:10,161 [ERROR] LogOutputStream:74 - [STDERR_REDIRECT] 	at java.desktop/java.awt.EventDispatchThread.pumpEvents(EventDispatchThread.java:101)
2023-12-11 14:23:10,177 [ERROR] LogOutputStream:74 - [STDERR_REDIRECT] 	at java.desktop/java.awt.EventDispatchThread.run(EventDispatchThread.java:90)
2023-12-11 14:24:46,036 [INFO] Activator:177 - 


2023-12-11 14:24:46,036 [INFO] Activator:178 - !SESSION log4j initialized
2023-12-11 14:24:46,411 [ERROR] ApiDbMcu:1508 - Can't use Application install path:
2023-12-11 14:24:51,826 [WARN] RulesReader:59 - Compatibility file://mcu/compatibility.xml not found
2023-12-11 14:25:48,970 [INFO] Activator:177 - 


2023-12-11 14:25:48,970 [INFO] Activator:178 - !SESSION log4j initialized
2023-12-11 14:26:11,733 [INFO] Activator:177 - 


2023-12-11 14:26:11,733 [INFO] Activator:178 - !SESSION log4j initialized
